<?xml version="1.0" encoding="UTF-8"?>
<testsuite xmlns:xsi="http://www.w3.org/2001/XMLSchema-instance" xsi:noNamespaceSchemaLocation="https://maven.apache.org/surefire/maven-surefire-plugin/xsd/surefire-test-report.xsd" name="nl.romkema.baseball.statistics.controller.ControllerTest" time="0.809" tests="4" errors="0" skipped="0" failures="0">
  <properties>
[...]
</properties>
  <testcase name="testCreatePlayer" classname="nl.romkema.baseball.statistics.controller.ControllerTest" time="0.005"/>
  <testcase name="testUpdateTeam" classname="nl.romkema.baseball.statistics.controller.ControllerTest" time="0.001"/>
  <testcase name="testFindTeam" classname="nl.romkema.baseball.statistics.controller.ControllerTest" time="0.002"/>
  <testcase name="testCreateTeam" classname="nl.romkema.baseball.statistics.controller.ControllerTest" time="0.001"/>
</testsuite>